Arguments: 
  /Users/yangbo/.nvm/versions/node/v14.16.0/bin/node /Users/yangbo/.nvm/versions/node/v14.16.0/bin/yarn init

PATH: 
  /Users/yangbo/.nvm/versions/node/v14.16.0/bin:/usr/local/bin:/usr/bin:/bin:/usr/sbin:/sbin

Yarn version: 
  1.22.15

Node version: 
  14.16.0

Platform: 
  darwin x64

Trace: 
  Error: canceled
      at Interface.<anonymous> (/Users/yangbo/.nvm/versions/node/v14.16.0/lib/node_modules/yarn/lib/cli.js:137145:13)
      at Interface.emit (events.js:315:20)
      at Interface._ttyWrite (readline.js:875:16)
      at ReadStream.onkeypress (readline.js:213:10)
      at ReadStream.emit (events.js:315:20)
      at emitKeys (internal/readline/utils.js:345:14)
      at emitKeys.next (<anonymous>)
      at ReadStream.onData (readline.js:1144:36)
      at ReadStream.emit (events.js:315:20)
      at addChunk (internal/streams/readable.js:309:12)

npm manifest: 
  {
    "name": "micro-web-project",
    "version": "1.0.0",
    "description": "create micro project for myself",
    "main": "index.js",
    "scripts": {
      "start": "node ./build/run.js",
      "init": "node ./build/init.js"
    },
    "author": "yancy",
    "license": "ISC",
    "devDependencies": {},
    "dependencies": {}
  }

yarn manifest: 
  No manifest

Lockfile: 
  No lockfile
